
7월 06, 2021 12:05:52.67 NEW SESSION
7월 06, 2021 12:05:52.67 [12676:2828:0706/120552.064:ERROR:device_event_log_impl.cc(214)] [12:05:52.064] USB: usb_device_handle_win.cc:1058 Failed to read descriptor from node connection: 시스템에 부착된 장치가 작동하지 않습니다. (0x1F)
7월 06, 2021 12:05:52.68 [12676:2828:0706/120552.064:ERROR:device_event_log_impl.cc(214)] [12:05:52.065] USB: usb_device_handle_win.cc:1058 Failed to read descriptor from node connection: 시스템에 부착된 장치가 작동하지 않습니다. (0x1F)
7월 06, 2021 12:10:34.735 [14712:9272:0706/121034.735:ERROR:device_event_log_impl.cc(214)] [12:10:34.734] USB: usb_device_handle_win.cc:1058 Failed to read descriptor from node connection: 시스템에 부착된 장치가 작동하지 않습니다. (0x1F)
7월 06, 2021 12:10:34.744 [14712:9272:0706/121034.736:ERROR:device_event_log_impl.cc(214)] [12:10:34.736] USB: usb_device_handle_win.cc:1058 Failed to read descriptor from node connection: 시스템에 부착된 장치가 작동하지 않습니다. (0x1F)
7월 06, 2021 14:00:56.455 [14712:240:0706/140056.454:ERROR:connection_factory_impl.cc(429)] Failed to connect to MCS endpoint with error -105
7월 06, 2021 15:03:01.799 [2692:17376:0706/150301.799:ERROR:device_event_log_impl.cc(214)] [15:03:01.799] USB: usb_device_handle_win.cc:1058 Failed to read descriptor from node connection: 시스템에 부착된 장치가 작동하지 않습니다. (0x1F)
7월 06, 2021 15:03:01.801 [2692:17376:0706/150301.801:ERROR:device_event_log_impl.cc(214)] [15:03:01.801] USB: usb_device_handle_win.cc:1058 Failed to read descriptor from node connection: 시스템에 부착된 장치가 작동하지 않습니다. (0x1F)

7월 07, 2021 11:16:05.740 NEW SESSION
7월 07, 2021 11:16:05.740 [9136:13300:0707/111605.728:ERROR:device_event_log_impl.cc(214)] [11:16:05.728] Bluetooth: bluetooth_adapter_winrt.cc:1072 Getting Default Adapter failed.
7월 07, 2021 11:20:19.690 [7228:8608:0707/112019.689:ERROR:device_event_log_impl.cc(214)] [11:20:19.690] Bluetooth: bluetooth_adapter_winrt.cc:1072 Getting Default Adapter failed.
7월 07, 2021 12:26:55.411 [7228:8608:0707/122655.410:ERROR:device_event_log_impl.cc(214)] [12:26:55.411] Bluetooth: bluetooth_adapter_winrt.cc:1072 Getting Default Adapter failed.
7월 07, 2021 15:55:27.533 [10256:5512:0707/155527.533:ERROR:device_event_log_impl.cc(214)] [15:55:27.533] Bluetooth: bluetooth_adapter_winrt.cc:1072 Getting Default Adapter failed.

7월 09, 2021 10:05:09.545 NEW SESSION
7월 09, 2021 10:05:09.545 [7428:5720:0709/100509.526:ERROR:device_event_log_impl.cc(214)] [10:05:09.526] Bluetooth: bluetooth_adapter_winrt.cc:1072 Getting Default Adapter failed.
7월 09, 2021 10:13:35.756 [8060:2912:0709/101335.755:ERROR:device_event_log_impl.cc(214)] [10:13:35.756] Bluetooth: bluetooth_adapter_winrt.cc:1072 Getting Default Adapter failed.
7월 09, 2021 16:09:55.822 [2308:8692:0709/160955.821:ERROR:device_event_log_impl.cc(214)] [16:09:55.822] Bluetooth: bluetooth_adapter_winrt.cc:1072 Getting Default Adapter failed.

7월 12, 2021 11:24:41.74 NEW SESSION
7월 12, 2021 11:24:41.75 [9440:3484:0712/112441.071:ERROR:device_event_log_impl.cc(214)] [11:24:41.071] USB: usb_device_handle_win.cc:1058 Failed to read descriptor from node connection: 시스템에 부착된 장치가 작동하지 않습니다. (0x1F)
7월 12, 2021 11:24:41.75 [9440:3484:0712/112441.073:ERROR:device_event_log_impl.cc(214)] [11:24:41.073] USB: usb_device_handle_win.cc:1058 Failed to read descriptor from node connection: 시스템에 부착된 장치가 작동하지 않습니다. (0x1F)
7월 12, 2021 11:30:31.969 [1320:12644:0712/113031.968:ERROR:device_event_log_impl.cc(214)] [11:30:31.969] USB: usb_device_handle_win.cc:1058 Failed to read descriptor from node connection: 시스템에 부착된 장치가 작동하지 않습니다. (0x1F)
7월 12, 2021 11:30:31.970 [1320:12644:0712/113031.970:ERROR:device_event_log_impl.cc(214)] [11:30:31.970] USB: usb_device_handle_win.cc:1058 Failed to read descriptor from node connection: 시스템에 부착된 장치가 작동하지 않습니다. (0x1F)

7월 13, 2021 08:59:08.405 NEW SESSION
7월 13, 2021 08:59:08.405 [2664:5772:0713/085908.403:ERROR:device_event_log_impl.cc(214)] [08:59:08.403] USB: usb_device_handle_win.cc:1058 Failed to read descriptor from node connection: 시스템에 부착된 장치가 작동하지 않습니다. (0x1F)
7월 13, 2021 08:59:08.406 [2664:5772:0713/085908.404:ERROR:device_event_log_impl.cc(214)] [08:59:08.405] USB: usb_device_handle_win.cc:1058 Failed to read descriptor from node connection: 시스템에 부착된 장치가 작동하지 않습니다. (0x1F)

7월 13, 2021 09:17:41.936 NEW SESSION
7월 13, 2021 09:17:41.936 [2276:8556:0713/091741.931:ERROR:device_event_log_impl.cc(214)] [09:17:41.931] USB: usb_device_handle_win.cc:1058 Failed to read descriptor from node connection: 시스템에 부착된 장치가 작동하지 않습니다. (0x1F)
7월 13, 2021 09:17:41.937 [2276:8556:0713/091741.932:ERROR:device_event_log_impl.cc(214)] [09:17:41.933] USB: usb_device_handle_win.cc:1058 Failed to read descriptor from node connection: 시스템에 부착된 장치가 작동하지 않습니다. (0x1F)

7월 13, 2021 11:12:56.176 NEW SESSION
7월 13, 2021 11:12:56.176 [9836:12360:0713/111256.174:ERROR:device_event_log_impl.cc(214)] [11:12:56.174] USB: usb_device_handle_win.cc:1058 Failed to read descriptor from node connection: 시스템에 부착된 장치가 작동하지 않습니다. (0x1F)
7월 13, 2021 11:12:56.176 [9836:12360:0713/111256.175:ERROR:device_event_log_impl.cc(214)] [11:12:56.175] USB: usb_device_handle_win.cc:1058 Failed to read descriptor from node connection: 시스템에 부착된 장치가 작동하지 않습니다. (0x1F)
7월 13, 2021 12:08:18.159 [8272:784:0713/120818.158:ERROR:device_event_log_impl.cc(214)] [12:08:18.158] USB: usb_device_handle_win.cc:1058 Failed to read descriptor from node connection: 시스템에 부착된 장치가 작동하지 않습니다. (0x1F)
7월 13, 2021 12:08:18.161 [8272:784:0713/120818.161:ERROR:device_event_log_impl.cc(214)] [12:08:18.161] USB: usb_device_handle_win.cc:1058 Failed to read descriptor from node connection: 시스템에 부착된 장치가 작동하지 않습니다. (0x1F)
7월 13, 2021 13:59:50.603 [8272:2544:0713/135950.603:ERROR:connection_factory_impl.cc(429)] Failed to connect to MCS endpoint with error -106
7월 13, 2021 13:59:50.603 [8272:13256:0713/135950.603:ERROR:get_updates_processor.cc(255)] PostClientToServerMessage() failed during GetUpdates with error 2
7월 13, 2021 13:59:56.233 [8272:2544:0713/135956.233:ERROR:connection_factory_impl.cc(429)] Failed to connect to MCS endpoint with error -105
7월 13, 2021 13:59:56.234 [8272:14584:0713/135956.233:ERROR:get_updates_processor.cc(255)] PostClientToServerMessage() failed during GetUpdates with error 2
7월 13, 2021 14:30:35.419 [13216:2040:0713/143035.419:ERROR:device_event_log_impl.cc(214)] [14:30:35.419] USB: usb_device_handle_win.cc:1058 Failed to read descriptor from node connection: 시스템에 부착된 장치가 작동하지 않습니다. (0x1F)
7월 13, 2021 14:30:35.420 [13216:2040:0713/143035.420:ERROR:device_event_log_impl.cc(214)] [14:30:35.420] USB: usb_device_handle_win.cc:1058 Failed to read descriptor from node connection: 시스템에 부착된 장치가 작동하지 않습니다. (0x1F)
7월 13, 2021 15:56:59.735 [10180:14368:0713/155659.735:ERROR:device_event_log_impl.cc(214)] [15:56:59.735] USB: usb_device_handle_win.cc:1058 Failed to read descriptor from node connection: 시스템에 부착된 장치가 작동하지 않습니다. (0x1F)
7월 13, 2021 15:56:59.737 [10180:14368:0713/155659.735:ERROR:device_event_log_impl.cc(214)] [15:56:59.735] USB: usb_device_handle_win.cc:1058 Failed to read descriptor from node connection: 시스템에 부착된 장치가 작동하지 않습니다. (0x1F)
7월 13, 2021 15:59:05.382 [7744:1216:0713/155905.380:ERROR:device_event_log_impl.cc(214)] [15:59:05.380] USB: usb_device_handle_win.cc:1058 Failed to read descriptor from node connection: 시스템에 부착된 장치가 작동하지 않습니다. (0x1F)
7월 13, 2021 15:59:05.383 [7744:1216:0713/155905.381:ERROR:device_event_log_impl.cc(214)] [15:59:05.381] USB: usb_device_handle_win.cc:1058 Failed to read descriptor from node connection: 시스템에 부착된 장치가 작동하지 않습니다. (0x1F)

7월 14, 2021 10:09:57.500 NEW SESSION
7월 14, 2021 10:09:57.500 [5908:6092:0714/100957.483:ERROR:device_event_log_impl.cc(214)] [10:09:57.484] USB: usb_device_handle_win.cc:1058 Failed to read descriptor from node connection: 시스템에 부착된 장치가 작동하지 않습니다. (0x1F)
7월 14, 2021 10:09:57.501 [5908:6092:0714/100957.486:ERROR:device_event_log_impl.cc(214)] [10:09:57.485] USB: usb_device_handle_win.cc:1058 Failed to read descriptor from node connection: 시스템에 부착된 장치가 작동하지 않습니다. (0x1F)

7월 14, 2021 17:28:42.564 NEW SESSION
7월 14, 2021 17:28:42.564 [7956:4628:0714/172842.562:ERROR:device_event_log_impl.cc(214)] [17:28:42.561] USB: usb_device_handle_win.cc:1058 Failed to read descriptor from node connection: 시스템에 부착된 장치가 작동하지 않습니다. (0x1F)
7월 14, 2021 17:28:42.566 [7956:4628:0714/172842.564:ERROR:device_event_log_impl.cc(214)] [17:28:42.564] USB: usb_device_handle_win.cc:1058 Failed to read descriptor from node connection: 시스템에 부착된 장치가 작동하지 않습니다. (0x1F)

7월 15, 2021 09:16:30.262 NEW SESSION
7월 15, 2021 09:16:30.262 [13936:11072:0715/091630.259:ERROR:device_event_log_impl.cc(214)] [09:16:30.258] USB: usb_device_handle_win.cc:1058 Failed to read descriptor from node connection: 시스템에 부착된 장치가 작동하지 않습니다. (0x1F)
7월 15, 2021 09:16:30.263 [13936:11072:0715/091630.261:ERROR:device_event_log_impl.cc(214)] [09:16:30.260] USB: usb_device_handle_win.cc:1058 Failed to read descriptor from node connection: 시스템에 부착된 장치가 작동하지 않습니다. (0x1F)

7월 16, 2021 09:20:20.715 NEW SESSION
7월 16, 2021 09:20:20.715 [7796:11464:0716/092020.707:ERROR:device_event_log_impl.cc(214)] [09:20:20.708] USB: usb_device_handle_win.cc:1058 Failed to read descriptor from node connection: 시스템에 부착된 장치가 작동하지 않습니다. (0x1F)
7월 16, 2021 09:20:20.716 [7796:11464:0716/092020.710:ERROR:device_event_log_impl.cc(214)] [09:20:20.710] USB: usb_device_handle_win.cc:1058 Failed to read descriptor from node connection: 시스템에 부착된 장치가 작동하지 않습니다. (0x1F)
7월 16, 2021 10:58:03.214 [7796:2484:0716/105803.213:ERROR:mcs_client.cc(755)] Received close command, resetting connection.

7월 19, 2021 09:03:28.539 NEW SESSION
7월 19, 2021 09:03:28.539 [13040:3544:0719/090328.536:ERROR:device_event_log_impl.cc(214)] [09:03:28.535] USB: usb_device_handle_win.cc:1058 Failed to read descriptor from node connection: 시스템에 부착된 장치가 작동하지 않습니다. (0x1F)
7월 19, 2021 09:03:28.540 [13040:3544:0719/090328.538:ERROR:device_event_log_impl.cc(214)] [09:03:28.538] USB: usb_device_handle_win.cc:1058 Failed to read descriptor from node connection: 시스템에 부착된 장치가 작동하지 않습니다. (0x1F)
